c:\users\xanda\source\repos\epubreaderqt\epubreaderqt\x64\debug\epubreaderqt.obj
c:\users\xanda\source\repos\epubreaderqt\epubreaderqt\x64\debug\readerwindow.obj
c:\users\xanda\source\repos\epubreaderqt\epubreaderqt\x64\debug\main.obj
c:\users\xanda\source\repos\epubreaderqt\epubreaderqt\x64\debug\vc143.pdb
c:\users\xanda\source\repos\epubreaderqt\epubreaderqt\x64\debug\vc143.idb
c:\users\xanda\source\repos\epubreaderqt\epubreaderqt\x64\debug\qrc_epubreaderqt.obj
c:\users\xanda\source\repos\epubreaderqt\epubreaderqt\x64\debug\moc_epubreaderqt.obj
c:\users\xanda\source\repos\epubreaderqt\epubreaderqt\x64\debug\moc_readerwindow.obj
c:\users\xanda\source\repos\epubreaderqt\epubreaderqt\x64\debug\book.obj
c:\users\xanda\source\repos\epubreaderqt\epubreaderqt\x64\debug\qt\uic\ui_epubreaderqt.h
c:\users\xanda\source\repos\epubreaderqt\epubreaderqt\x64\debug\qt\uic\ui_readerwindow.h
c:\users\xanda\source\repos\epubreaderqt\epubreaderqt\x64\debug\qt\rcc\qrc_epubreaderqt.cpp
c:\users\xanda\source\repos\epubreaderqt\epubreaderqt\x64\debug\qt\moc\moc_epubreaderqt.cpp
c:\users\xanda\source\repos\epubreaderqt\epubreaderqt\x64\debug\qt\moc\moc_readerwindow.cpp
c:\users\xanda\source\repos\epubreaderqt\x64\debug\epubreaderqt.exe
c:\users\xanda\source\repos\epubreaderqt\x64\debug\epubreaderqt.pdb
c:\users\xanda\source\repos\epubreaderqt\epubreaderqt\x64\debug\epubreaderqt.ilk
c:\users\xanda\source\repos\epubreaderqt\epubreaderqt\x64\debug\epubreaderqt.tlog\cl.command.1.tlog
c:\users\xanda\source\repos\epubreaderqt\epubreaderqt\x64\debug\epubreaderqt.tlog\cl.items.tlog
c:\users\xanda\source\repos\epubreaderqt\epubreaderqt\x64\debug\epubreaderqt.tlog\cl.read.1.tlog
c:\users\xanda\source\repos\epubreaderqt\epubreaderqt\x64\debug\epubreaderqt.tlog\cl.write.1.tlog
c:\users\xanda\source\repos\epubreaderqt\epubreaderqt\x64\debug\epubreaderqt.tlog\epubreaderqt.write.1u.tlog
c:\users\xanda\source\repos\epubreaderqt\epubreaderqt\x64\debug\epubreaderqt.tlog\link.command.1.tlog
c:\users\xanda\source\repos\epubreaderqt\epubreaderqt\x64\debug\epubreaderqt.tlog\link.read.1.tlog
c:\users\xanda\source\repos\epubreaderqt\epubreaderqt\x64\debug\epubreaderqt.tlog\link.secondary.1.tlog
c:\users\xanda\source\repos\epubreaderqt\epubreaderqt\x64\debug\epubreaderqt.tlog\link.write.1.tlog
c:\users\xanda\source\repos\epubreaderqt\epubreaderqt\x64\debug\epubreaderqt.tlog\moc.read.1u.tlog
c:\users\xanda\source\repos\epubreaderqt\epubreaderqt\x64\debug\epubreaderqt.tlog\moc.write.1u.tlog
c:\users\xanda\source\repos\epubreaderqt\epubreaderqt\x64\debug\epubreaderqt.tlog\rcc.read.1u.tlog
c:\users\xanda\source\repos\epubreaderqt\epubreaderqt\x64\debug\epubreaderqt.tlog\rcc.write.1u.tlog
c:\users\xanda\source\repos\epubreaderqt\epubreaderqt\x64\debug\epubreaderqt.tlog\uic.read.1u.tlog
c:\users\xanda\source\repos\epubreaderqt\epubreaderqt\x64\debug\epubreaderqt.tlog\uic.write.1u.tlog
